Determining if the pthread_create exist failed with the following output:
Change Dir: /media/juan/Datos/Repositorios/Udacity-Robo-nanodegree/ros-ws/1-catkin_ws/build/CMakeFiles/CMakeTmp

Run Build Command:"/usr/bin/make" "cmTC_72b15/fast"
/usr/bin/make -f CMakeFiles/cmTC_72b15.dir/build.make CMakeFiles/cmTC_72b15.dir/build
make[1]: se entra en el directorio '/media/juan/Datos/Repositorios/Udacity-Robo-nanodegree/ros-ws/1-catkin_ws/build/CMakeFiles/CMakeTmp'
Building C object CMakeFiles/cmTC_72b15.dir/CheckSymbolExists.c.o
/usr/bin/cc     -o CMakeFiles/cmTC_72b15.dir/CheckSymbolExists.c.o   -c /media/juan/Datos/Repositorios/Udacity-Robo-nanodegree/ros-ws/1-catkin_ws/build/CMakeFiles/CMakeTmp/CheckSymbolExists.c
Linking C executable cmTC_72b15
/usr/bin/cmake -E cmake_link_script CMakeFiles/cmTC_72b15.dir/link.txt --verbose=1
/usr/bin/cc       CMakeFiles/cmTC_72b15.dir/CheckSymbolExists.c.o  -o cmTC_72b15 -rdynamic 
CMakeFiles/cmTC_72b15.dir/CheckSymbolExists.c.o: En la funci√≥n `main':
CheckSymbolExists.c:(.text+0x16): referencia a `pthread_create' sin definir
collect2: error: ld returned 1 exit status
CMakeFiles/cmTC_72b15.dir/build.make:97: fallo en las instrucciones para el objetivo 'cmTC_72b15'
make[1]: *** [cmTC_72b15] Error 1
make[1]: se sale del directorio '/media/juan/Datos/Repositorios/Udacity-Robo-nanodegree/ros-ws/1-catkin_ws/build/CMakeFiles/CMakeTmp'
Makefile:126: fallo en las instrucciones para el objetivo 'cmTC_72b15/fast'
make: *** [cmTC_72b15/fast] Error 2

File /media/juan/Datos/Repositorios/Udacity-Robo-nanodegree/ros-ws/1-catkin_ws/build/CMakeFiles/CMakeTmp/CheckSymbolExists.c:
/* */
#include <pthread.h>

int main(int argc, char** argv)
{
  (void)argv;
#ifndef pthread_create
  return ((int*)(&pthread_create))[argc];
#else
  (void)argc;
  return 0;
#endif
}

Determining if the function pthread_create exists in the pthreads failed with the following output:
Change Dir: /media/juan/Datos/Repositorios/Udacity-Robo-nanodegree/ros-ws/1-catkin_ws/build/CMakeFiles/CMakeTmp

Run Build Command:"/usr/bin/make" "cmTC_2177e/fast"
/usr/bin/make -f CMakeFiles/cmTC_2177e.dir/build.make CMakeFiles/cmTC_2177e.dir/build
make[1]: se entra en el directorio '/media/juan/Datos/Repositorios/Udacity-Robo-nanodegree/ros-ws/1-catkin_ws/build/CMakeFiles/CMakeTmp'
Building C object CMakeFiles/cmTC_2177e.dir/CheckFunctionExists.c.o
/usr/bin/cc    -DCHECK_FUNCTION_EXISTS=pthread_create   -o CMakeFiles/cmTC_2177e.dir/CheckFunctionExists.c.o   -c /usr/share/cmake-3.5/Modules/CheckFunctionExists.c
Linking C executable cmTC_2177e
/usr/bin/cmake -E cmake_link_script CMakeFiles/cmTC_2177e.dir/link.txt --verbose=1
/usr/bin/cc   -DCHECK_FUNCTION_EXISTS=pthread_create    CMakeFiles/cmTC_2177e.dir/CheckFunctionExists.c.o  -o cmTC_2177e -rdynamic -lpthreads 
/usr/bin/ld: no se puede encontrar -lpthreads
collect2: error: ld returned 1 exit status
CMakeFiles/cmTC_2177e.dir/build.make:97: fallo en las instrucciones para el objetivo 'cmTC_2177e'
make[1]: *** [cmTC_2177e] Error 1
make[1]: se sale del directorio '/media/juan/Datos/Repositorios/Udacity-Robo-nanodegree/ros-ws/1-catkin_ws/build/CMakeFiles/CMakeTmp'
Makefile:126: fallo en las instrucciones para el objetivo 'cmTC_2177e/fast'
make: *** [cmTC_2177e/fast] Error 2


