Determining if the pthread_create exist failed with the following output:
Change Dir: /media/juan/Datos/Repositorios/Udacity-Robo-nanodegree/ros-ws/5-catkin_ws/build/CMakeFiles/CMakeTmp

Run Build Command:"/usr/bin/make" "cmTC_89a8f/fast"
/usr/bin/make -f CMakeFiles/cmTC_89a8f.dir/build.make CMakeFiles/cmTC_89a8f.dir/build
make[1]: se entra en el directorio '/media/juan/Datos/Repositorios/Udacity-Robo-nanodegree/ros-ws/5-catkin_ws/build/CMakeFiles/CMakeTmp'
Building C object CMakeFiles/cmTC_89a8f.dir/CheckSymbolExists.c.o
/usr/bin/cc     -o CMakeFiles/cmTC_89a8f.dir/CheckSymbolExists.c.o   -c /media/juan/Datos/Repositorios/Udacity-Robo-nanodegree/ros-ws/5-catkin_ws/build/CMakeFiles/CMakeTmp/CheckSymbolExists.c
Linking C executable cmTC_89a8f
/usr/bin/cmake -E cmake_link_script CMakeFiles/cmTC_89a8f.dir/link.txt --verbose=1
/usr/bin/cc       CMakeFiles/cmTC_89a8f.dir/CheckSymbolExists.c.o  -o cmTC_89a8f -rdynamic 
CMakeFiles/cmTC_89a8f.dir/CheckSymbolExists.c.o: En la funci√≥n `main':
CheckSymbolExists.c:(.text+0x16): referencia a `pthread_create' sin definir
collect2: error: ld returned 1 exit status
CMakeFiles/cmTC_89a8f.dir/build.make:97: fallo en las instrucciones para el objetivo 'cmTC_89a8f'
make[1]: *** [cmTC_89a8f] Error 1
make[1]: se sale del directorio '/media/juan/Datos/Repositorios/Udacity-Robo-nanodegree/ros-ws/5-catkin_ws/build/CMakeFiles/CMakeTmp'
Makefile:126: fallo en las instrucciones para el objetivo 'cmTC_89a8f/fast'
make: *** [cmTC_89a8f/fast] Error 2

File /media/juan/Datos/Repositorios/Udacity-Robo-nanodegree/ros-ws/5-catkin_ws/build/CMakeFiles/CMakeTmp/CheckSymbolExists.c:
/* */
#include <pthread.h>

int main(int argc, char** argv)
{
  (void)argv;
#ifndef pthread_create
  return ((int*)(&pthread_create))[argc];
#else
  (void)argc;
  return 0;
#endif
}

Determining if the function pthread_create exists in the pthreads failed with the following output:
Change Dir: /media/juan/Datos/Repositorios/Udacity-Robo-nanodegree/ros-ws/5-catkin_ws/build/CMakeFiles/CMakeTmp

Run Build Command:"/usr/bin/make" "cmTC_e1bad/fast"
/usr/bin/make -f CMakeFiles/cmTC_e1bad.dir/build.make CMakeFiles/cmTC_e1bad.dir/build
make[1]: se entra en el directorio '/media/juan/Datos/Repositorios/Udacity-Robo-nanodegree/ros-ws/5-catkin_ws/build/CMakeFiles/CMakeTmp'
Building C object CMakeFiles/cmTC_e1bad.dir/CheckFunctionExists.c.o
/usr/bin/cc    -DCHECK_FUNCTION_EXISTS=pthread_create   -o CMakeFiles/cmTC_e1bad.dir/CheckFunctionExists.c.o   -c /usr/share/cmake-3.5/Modules/CheckFunctionExists.c
Linking C executable cmTC_e1bad
/usr/bin/cmake -E cmake_link_script CMakeFiles/cmTC_e1bad.dir/link.txt --verbose=1
/usr/bin/cc   -DCHECK_FUNCTION_EXISTS=pthread_create    CMakeFiles/cmTC_e1bad.dir/CheckFunctionExists.c.o  -o cmTC_e1bad -rdynamic -lpthreads 
/usr/bin/ld: no se puede encontrar -lpthreads
collect2: error: ld returned 1 exit status
CMakeFiles/cmTC_e1bad.dir/build.make:97: fallo en las instrucciones para el objetivo 'cmTC_e1bad'
make[1]: *** [cmTC_e1bad] Error 1
make[1]: se sale del directorio '/media/juan/Datos/Repositorios/Udacity-Robo-nanodegree/ros-ws/5-catkin_ws/build/CMakeFiles/CMakeTmp'
Makefile:126: fallo en las instrucciones para el objetivo 'cmTC_e1bad/fast'
make: *** [cmTC_e1bad/fast] Error 2


